<?xml version="1.0" encoding="UTF-8"?>
<!-- Generated by org.testng.reporters.JUnitReportReporter -->
<testsuite hostname="DESKTOP-BPSCNG9" failures="0" tests="5" name="LoginPageTest" time="23.922" errors="0" timestamp="2023-11-08T16:08:04 IST" skipped="0">
  <testcase classname="LoginPageTest" name="testLoginWithEmptyInputs" time="4.014"/>
  <testcase classname="LoginPageTest" name="testLoginWithEmptyUserId" time="4.477"/>
  <testcase classname="LoginPageTest" name="testLoginWithEmptyPin" time="6.592"/>
  <testcase classname="LoginPageTest" name="testLoginWithInvalidCreds" time="4.934"/>
  <testcase classname="LoginPageTest" name="testLoginWithValidCreds" time="3.905"/>
</testsuite> <!-- LoginPageTest -->
