<?xml version="1.0" encoding="UTF-8"?>
<!-- Generated by org.testng.reporters.JUnitReportReporter -->
<testsuite hostname="DESKTOP-BPSCNG9" failures="0" tests="2" name="HomePageTest" time="12.305" errors="0" timestamp="2023-11-08T16:08:04 IST" skipped="0">
  <testcase classname="HomePageTest" name="testHomepageHeading" time="6.769"/>
  <testcase classname="HomePageTest" name="testLogoutFunctionality" time="5.536"/>
</testsuite> <!-- HomePageTest -->
